{
  "RSpec": {
    "coverage": {
      "/home/MattIm/tic-tac-toe-rb-online-web-sp-000/lib/tic_tac_toe.rb": [
        1,
        15,
        null,
        null,
        null,
        null,
        null,
        1,
        null,
        null,
        null,
        null,
        null,
        null,
        null,
        null,
        null,
        1,
        36,
        197,
        197,
        197,
        null,
        197,
        197,
        197,
        null,
        197,
        20,
        null,
        null,
        16,
        null,
        null,
        1,
        99,
        null,
        null,
        1,
        10,
        4,
        null,
        6,
        null,
        null,
        null,
        1,
        11,
        7,
        null,
        4,
        null,
        null,
        null,
        1,
        6,
        null,
        null,
        5,
        3,
        null,
        2,
        null,
        null,
        null,
        null,
        1,
        13,
        null,
        null,
        1,
        3,
        null,
        null,
        1,
        13,
        null,
        null,
        1,
        5,
        5,
        5,
        5,
        5,
        null,
        null,
        1,
        12,
        7,
        0,
        5,
        3,
        3,
        null,
        2,
        2,
        null,
        null,
        null,
        1,
        2,
        2,
        18,
        5,
        null,
        null,
        2,
        null,
        null,
        1,
        1,
        1,
        null,
        0,
        null,
        null,
        null,
        1,
        10,
        10,
        10,
        10,
        9,
        0,
        null,
        1,
        null,
        null
      ]
    },
    "timestamp": 1581279315
  }
}
