{
  "RSpec": {
    "coverage": {
      "/home/MattIm/tic-tac-toe-rb-online-web-sp-000/lib/tic_tac_toe.rb": [
        1,
        15,
        null,
        null,
        null,
        null,
        null,
        1,
        null,
        null,
        null,
        null,
        null,
        null,
        null,
        null,
        null,
        1,
        15,
        105,
        105,
        105,
        null,
        105,
        105,
        105,
        null,
        105,
        8,
        null,
        null,
        7,
        null,
        null,
        1,
        49,
        null,
        null,
        1,
        6,
        2,
        null,
        4,
        null,
        null,
        null,
        1,
        3,
        2,
        null,
        1,
        null,
        null,
        null,
        1,
        3,
        null,
        null,
        2,
        1,
        null,
        1,
        null,
        null,
        null,
        null,
        1,
        13,
        null,
        null,
        1,
        3,
        null,
        null,
        1,
        13,
        null,
        null,
        1,
        5,
        5,
        5,
        5,
        5,
        null,
        null,
        1,
        12,
        12,
        0,
        0,
        0,
        null,
        null,
        null,
        1,
        14,
        14,
        126,
        32,
        null,
        null,
        14,
        null,
        null,
        1,
        13,
        8,
        null,
        5,
        null,
        null,
        null,
        1,
        13,
        13,
        10,
        10,
        9,
        0,
        null,
        1,
        null,
        null
      ]
    },
    "timestamp": 1581267311
  }
}
